[debug] ----------------------------------------------------------------------
[debug] Command:      /usr/local/bin/node /usr/local/bin/firebase serve
[debug] CLI Version:  3.6.0
[debug] Platform:     darwin
[debug] Node Version: v7.7.1
[debug] Time:         Thu Apr 06 2017 12:06:54 GMT-0700 (MST)
[debug] ----------------------------------------------------------------------
[debug] 
[debug] > command requires scopes: ["email","openid","https://www.googleapis.com/auth/cloudplatformprojects.readonly","https://www.googleapis.com/auth/firebase","https://www.googleapis.com/auth/cloud-platform"]
[debug] >>> HTTP REQUEST GET https://admin.firebase.com/v1/projects/fir-polymer2-starter  
 Thu Apr 06 2017 12:06:54 GMT-0700 (MST)
[debug] <<< HTTP RESPONSE 200
[debug] >>> HTTP REQUEST GET https://admin.firebase.com/v1/database/fir-polymer2-starter/tokens  
 Thu Apr 06 2017 12:06:56 GMT-0700 (MST)
[debug] <<< HTTP RESPONSE 200
[info] Starting Firebase development server...
[info] 
[info] Project Directory: /Users/steveheideman/Documents/google-cloud-platform/polymer2-firebase-starter
[debug] >>> HTTP REQUEST GET https://cloudresourcemanager.googleapis.com/v1/projects/fir-polymer2-starter  
 Thu Apr 06 2017 12:06:57 GMT-0700 (MST)
[debug] <<< HTTP RESPONSE 200
[debug] >>> HTTP REQUEST GET https://mobilesdk-pa.googleapis.com/v1/projects/163847739388/clients/_:getWebAppConfig  
 Thu Apr 06 2017 12:06:58 GMT-0700 (MST)
[debug] <<< HTTP RESPONSE 200
[info] Public Directory: public
[info] 
[info] Server listening at: http://localhost:5000
